{"C:\\Users\\mrizk\\Projects\\Dicoding\\auth-api\\src\\Applications\\security\\PasswordHash.js": {"path":"C:\\Users\\mrizk\\Projects\\Dicoding\\auth-api\\src\\Applications\\security\\PasswordHash.js","statementMap":{"0":{"start":{"line":3,"column":6},"end":{"line":3,"column":62}},"1":{"start":{"line":7,"column":0},"end":{"line":7,"column":30}}},"fnMap":{"0":{"name":"(anonymous_0)","decl":{"start":{"line":2,"column":3},"end":{"line":2,"column":4}},"loc":{"start":{"line":2,"column":24},"end":{"line":4,"column":4}},"line":2}},"branchMap":{},"s":{"0":1,"1":4},"f":{"0":1},"b":{},"_coverageSchema":"1a1c01bbd47fc00a2c39e90264f33305004495a9","hash":"b5acf9e50af792b4a03771e2bced0caf4f7cb94a"}
,"C:\\Users\\mrizk\\Projects\\Dicoding\\auth-api\\src\\Applications\\use_case\\AddUserUseCase.js": {"path":"C:\\Users\\mrizk\\Projects\\Dicoding\\auth-api\\src\\Applications\\use_case\\AddUserUseCase.js","statementMap":{"0":{"start":{"line":1,"column":21},"end":{"line":1,"column":73}},"1":{"start":{"line":5,"column":6},"end":{"line":5,"column":44}},"2":{"start":{"line":6,"column":6},"end":{"line":6,"column":40}},"3":{"start":{"line":10,"column":27},"end":{"line":10,"column":59}},"4":{"start":{"line":11,"column":6},"end":{"line":11,"column":80}},"5":{"start":{"line":12,"column":6},"end":{"line":12,"column":83}},"6":{"start":{"line":13,"column":6},"end":{"line":13,"column":56}},"7":{"start":{"line":17,"column":0},"end":{"line":17,"column":32}}},"fnMap":{"0":{"name":"(anonymous_0)","decl":{"start":{"line":4,"column":3},"end":{"line":4,"column":4}},"loc":{"start":{"line":4,"column":49},"end":{"line":7,"column":4}},"line":4},"1":{"name":"(anonymous_1)","decl":{"start":{"line":9,"column":3},"end":{"line":9,"column":4}},"loc":{"start":{"line":9,"column":33},"end":{"line":14,"column":4}},"line":9}},"branchMap":{},"s":{"0":2,"1":2,"2":2,"3":7,"4":3,"5":2,"6":2,"7":2},"f":{"0":2,"1":7},"b":{},"_coverageSchema":"1a1c01bbd47fc00a2c39e90264f33305004495a9","hash":"008e8ad2b3ddf9532f272ba1c451b15056a71d89"}
,"C:\\Users\\mrizk\\Projects\\Dicoding\\auth-api\\src\\Commons\\config.js": {"path":"C:\\Users\\mrizk\\Projects\\Dicoding\\auth-api\\src\\Commons\\config.js","statementMap":{"0":{"start":{"line":1,"column":15},"end":{"line":1,"column":32}},"1":{"start":{"line":2,"column":13},"end":{"line":2,"column":28}},"2":{"start":{"line":4,"column":0},"end":{"line":10,"column":1}},"3":{"start":{"line":5,"column":3},"end":{"line":7,"column":6}},"4":{"start":{"line":9,"column":3},"end":{"line":9,"column":19}},"5":{"start":{"line":12,"column":15},"end":{"line":25,"column":1}},"6":{"start":{"line":27,"column":0},"end":{"line":27,"column":24}}},"fnMap":{},"branchMap":{"0":{"loc":{"start":{"line":4,"column":0},"end":{"line":10,"column":1}},"type":"if","locations":[{"start":{"line":4,"column":0},"end":{"line":10,"column":1}},{"start":{"line":8,"column":7},"end":{"line":10,"column":1}}],"line":4},"1":{"loc":{"start":{"line":14,"column":12},"end":{"line":14,"column":75}},"type":"cond-expr","locations":[{"start":{"line":14,"column":52},"end":{"line":14,"column":63}},{"start":{"line":14,"column":66},"end":{"line":14,"column":75}}],"line":14},"2":{"loc":{"start":{"line":16,"column":13},"end":{"line":16,"column":81}},"type":"cond-expr","locations":[{"start":{"line":16,"column":54},"end":{"line":16,"column":76}},{"start":{"line":16,"column":79},"end":{"line":16,"column":81}}],"line":16}},"s":{"0":2,"1":2,"2":2,"3":2,"4":0,"5":2,"6":2},"f":{},"b":{"0":[2,0],"1":[2,0],"2":[0,2]},"_coverageSchema":"1a1c01bbd47fc00a2c39e90264f33305004495a9","hash":"547fd70d87f00db12de1940374054b2c8c9bfff8"}
,"C:\\Users\\mrizk\\Projects\\Dicoding\\auth-api\\src\\Commons\\exceptions\\AuthenticationError.js": {"path":"C:\\Users\\mrizk\\Projects\\Dicoding\\auth-api\\src\\Commons\\exceptions\\AuthenticationError.js","statementMap":{"0":{"start":{"line":1,"column":20},"end":{"line":1,"column":44}},"1":{"start":{"line":5,"column":6},"end":{"line":5,"column":26}},"2":{"start":{"line":6,"column":6},"end":{"line":6,"column":40}},"3":{"start":{"line":10,"column":0},"end":{"line":10,"column":37}}},"fnMap":{"0":{"name":"(anonymous_0)","decl":{"start":{"line":4,"column":3},"end":{"line":4,"column":4}},"loc":{"start":{"line":4,"column":24},"end":{"line":7,"column":4}},"line":4}},"branchMap":{},"s":{"0":1,"1":1,"2":1,"3":1},"f":{"0":1},"b":{},"_coverageSchema":"1a1c01bbd47fc00a2c39e90264f33305004495a9","hash":"e3523c181800473bbb4d622280fb0ea274323b75"}
,"C:\\Users\\mrizk\\Projects\\Dicoding\\auth-api\\src\\Commons\\exceptions\\ClientError.js": {"path":"C:\\Users\\mrizk\\Projects\\Dicoding\\auth-api\\src\\Commons\\exceptions\\ClientError.js","statementMap":{"0":{"start":{"line":3,"column":6},"end":{"line":3,"column":21}},"1":{"start":{"line":5,"column":6},"end":{"line":7,"column":7}},"2":{"start":{"line":6,"column":9},"end":{"line":6,"column":62}},"3":{"start":{"line":9,"column":6},"end":{"line":9,"column":35}},"4":{"start":{"line":10,"column":6},"end":{"line":10,"column":32}},"5":{"start":{"line":14,"column":0},"end":{"line":14,"column":29}}},"fnMap":{"0":{"name":"(anonymous_0)","decl":{"start":{"line":2,"column":3},"end":{"line":2,"column":4}},"loc":{"start":{"line":2,"column":42},"end":{"line":11,"column":4}},"line":2}},"branchMap":{"0":{"loc":{"start":{"line":2,"column":24},"end":{"line":2,"column":40}},"type":"default-arg","locations":[{"start":{"line":2,"column":37},"end":{"line":2,"column":40}}],"line":2},"1":{"loc":{"start":{"line":5,"column":6},"end":{"line":7,"column":7}},"type":"if","locations":[{"start":{"line":5,"column":6},"end":{"line":7,"column":7}},{"start":{},"end":{}}],"line":5}},"s":{"0":18,"1":18,"2":1,"3":17,"4":17,"5":7},"f":{"0":18},"b":{"0":[16],"1":[1,17]},"_coverageSchema":"1a1c01bbd47fc00a2c39e90264f33305004495a9","hash":"303d4ad12d16283b1338d9589af501f46df8d0ec"}
,"C:\\Users\\mrizk\\Projects\\Dicoding\\auth-api\\src\\Commons\\exceptions\\DomainErrorTranslator.js": {"path":"C:\\Users\\mrizk\\Projects\\Dicoding\\auth-api\\src\\Commons\\exceptions\\DomainErrorTranslator.js","statementMap":{"0":{"start":{"line":1,"column":23},"end":{"line":1,"column":50}},"1":{"start":{"line":3,"column":30},"end":{"line":7,"column":1}},"2":{"start":{"line":5,"column":6},"end":{"line":5,"column":72}},"3":{"start":{"line":9,"column":0},"end":{"line":22,"column":2}},"4":{"start":{"line":24,"column":0},"end":{"line":24,"column":39}}},"fnMap":{"0":{"name":"(anonymous_0)","decl":{"start":{"line":4,"column":3},"end":{"line":4,"column":4}},"loc":{"start":{"line":4,"column":20},"end":{"line":6,"column":4}},"line":4}},"branchMap":{"0":{"loc":{"start":{"line":5,"column":13},"end":{"line":5,"column":71}},"type":"binary-expr","locations":[{"start":{"line":5,"column":13},"end":{"line":5,"column":62}},{"start":{"line":5,"column":66},"end":{"line":5,"column":71}}],"line":5}},"s":{"0":2,"1":2,"2":12,"3":2,"4":2},"f":{"0":12},"b":{"0":[12,4]},"_coverageSchema":"1a1c01bbd47fc00a2c39e90264f33305004495a9","hash":"c043ce9ec76886e36268ce5f64bf25a6dba67a08"}
,"C:\\Users\\mrizk\\Projects\\Dicoding\\auth-api\\src\\Commons\\exceptions\\InvariantError.js": {"path":"C:\\Users\\mrizk\\Projects\\Dicoding\\auth-api\\src\\Commons\\exceptions\\InvariantError.js","statementMap":{"0":{"start":{"line":1,"column":20},"end":{"line":1,"column":44}},"1":{"start":{"line":5,"column":6},"end":{"line":5,"column":21}},"2":{"start":{"line":6,"column":6},"end":{"line":6,"column":35}},"3":{"start":{"line":10,"column":0},"end":{"line":10,"column":32}}},"fnMap":{"0":{"name":"(anonymous_0)","decl":{"start":{"line":4,"column":3},"end":{"line":4,"column":4}},"loc":{"start":{"line":4,"column":24},"end":{"line":7,"column":4}},"line":4}},"branchMap":{},"s":{"0":4,"1":15,"2":15,"3":4},"f":{"0":15},"b":{},"_coverageSchema":"1a1c01bbd47fc00a2c39e90264f33305004495a9","hash":"487c62c58d0c405eb3a01750f4ed3d4f7edb1d3d"}
,"C:\\Users\\mrizk\\Projects\\Dicoding\\auth-api\\src\\Commons\\exceptions\\NotFoundError.js": {"path":"C:\\Users\\mrizk\\Projects\\Dicoding\\auth-api\\src\\Commons\\exceptions\\NotFoundError.js","statementMap":{"0":{"start":{"line":1,"column":20},"end":{"line":1,"column":44}},"1":{"start":{"line":5,"column":6},"end":{"line":5,"column":26}},"2":{"start":{"line":6,"column":6},"end":{"line":6,"column":34}},"3":{"start":{"line":10,"column":0},"end":{"line":10,"column":31}}},"fnMap":{"0":{"name":"(anonymous_0)","decl":{"start":{"line":4,"column":3},"end":{"line":4,"column":4}},"loc":{"start":{"line":4,"column":24},"end":{"line":7,"column":4}},"line":4}},"branchMap":{},"s":{"0":1,"1":1,"2":1,"3":1},"f":{"0":1},"b":{},"_coverageSchema":"1a1c01bbd47fc00a2c39e90264f33305004495a9","hash":"63ee8b29c1be1efbdd0fea4dba7a7c48189466ad"}
,"C:\\Users\\mrizk\\Projects\\Dicoding\\auth-api\\src\\Domains\\users\\UserRepository.js": {"path":"C:\\Users\\mrizk\\Projects\\Dicoding\\auth-api\\src\\Domains\\users\\UserRepository.js","statementMap":{"0":{"start":{"line":3,"column":6},"end":{"line":3,"column":64}},"1":{"start":{"line":7,"column":6},"end":{"line":7,"column":64}},"2":{"start":{"line":11,"column":0},"end":{"line":11,"column":32}}},"fnMap":{"0":{"name":"(anonymous_0)","decl":{"start":{"line":2,"column":3},"end":{"line":2,"column":4}},"loc":{"start":{"line":2,"column":31},"end":{"line":4,"column":4}},"line":2},"1":{"name":"(anonymous_1)","decl":{"start":{"line":6,"column":3},"end":{"line":6,"column":4}},"loc":{"start":{"line":6,"column":43},"end":{"line":8,"column":4}},"line":6}},"branchMap":{},"s":{"0":1,"1":1,"2":4},"f":{"0":1,"1":1},"b":{},"_coverageSchema":"1a1c01bbd47fc00a2c39e90264f33305004495a9","hash":"0bc4d4cf46b38e8b7c0160c115e06d2bb741b533"}
,"C:\\Users\\mrizk\\Projects\\Dicoding\\auth-api\\src\\Domains\\users\\entities\\RegisterUser.js": {"path":"C:\\Users\\mrizk\\Projects\\Dicoding\\auth-api\\src\\Domains\\users\\entities\\RegisterUser.js","statementMap":{"0":{"start":{"line":3,"column":6},"end":{"line":3,"column":35}},"1":{"start":{"line":5,"column":47},"end":{"line":5,"column":54}},"2":{"start":{"line":7,"column":6},"end":{"line":7,"column":31}},"3":{"start":{"line":8,"column":6},"end":{"line":8,"column":31}},"4":{"start":{"line":9,"column":6},"end":{"line":9,"column":31}},"5":{"start":{"line":13,"column":6},"end":{"line":15,"column":7}},"6":{"start":{"line":14,"column":9},"end":{"line":14,"column":70}},"7":{"start":{"line":17,"column":6},"end":{"line":19,"column":7}},"8":{"start":{"line":18,"column":9},"end":{"line":18,"column":75}},"9":{"start":{"line":21,"column":6},"end":{"line":23,"column":7}},"10":{"start":{"line":22,"column":9},"end":{"line":22,"column":62}},"11":{"start":{"line":25,"column":6},"end":{"line":27,"column":7}},"12":{"start":{"line":26,"column":9},"end":{"line":26,"column":80}},"13":{"start":{"line":31,"column":0},"end":{"line":31,"column":30}}},"fnMap":{"0":{"name":"(anonymous_0)","decl":{"start":{"line":2,"column":3},"end":{"line":2,"column":4}},"loc":{"start":{"line":2,"column":24},"end":{"line":10,"column":4}},"line":2},"1":{"name":"(anonymous_1)","decl":{"start":{"line":12,"column":3},"end":{"line":12,"column":4}},"loc":{"start":{"line":12,"column":52},"end":{"line":28,"column":4}},"line":12}},"branchMap":{"0":{"loc":{"start":{"line":13,"column":6},"end":{"line":15,"column":7}},"type":"if","locations":[{"start":{"line":13,"column":6},"end":{"line":15,"column":7}},{"start":{},"end":{}}],"line":13},"1":{"loc":{"start":{"line":13,"column":10},"end":{"line":13,"column":45}},"type":"binary-expr","locations":[{"start":{"line":13,"column":10},"end":{"line":13,"column":19}},{"start":{"line":13,"column":23},"end":{"line":13,"column":32}},{"start":{"line":13,"column":36},"end":{"line":13,"column":45}}],"line":13},"2":{"loc":{"start":{"line":17,"column":6},"end":{"line":19,"column":7}},"type":"if","locations":[{"start":{"line":17,"column":6},"end":{"line":19,"column":7}},{"start":{},"end":{}}],"line":17},"3":{"loc":{"start":{"line":17,"column":10},"end":{"line":17,"column":102}},"type":"binary-expr","locations":[{"start":{"line":17,"column":10},"end":{"line":17,"column":38}},{"start":{"line":17,"column":42},"end":{"line":17,"column":70}},{"start":{"line":17,"column":74},"end":{"line":17,"column":102}}],"line":17},"4":{"loc":{"start":{"line":21,"column":6},"end":{"line":23,"column":7}},"type":"if","locations":[{"start":{"line":21,"column":6},"end":{"line":23,"column":7}},{"start":{},"end":{}}],"line":21},"5":{"loc":{"start":{"line":25,"column":6},"end":{"line":27,"column":7}},"type":"if","locations":[{"start":{"line":25,"column":6},"end":{"line":27,"column":7}},{"start":{},"end":{}}],"line":25}},"s":{"0":15,"1":7,"2":7,"3":7,"4":7,"5":15,"6":2,"7":13,"8":2,"9":11,"10":2,"11":9,"12":2,"13":4},"f":{"0":15,"1":15},"b":{"0":[2,13],"1":[15,14,14],"2":[2,11],"3":[13,12,12],"4":[2,9],"5":[2,7]},"_coverageSchema":"1a1c01bbd47fc00a2c39e90264f33305004495a9","hash":"16b9a2f4264f37082a25c0593a8dd422bdf83854"}
,"C:\\Users\\mrizk\\Projects\\Dicoding\\auth-api\\src\\Domains\\users\\entities\\RegisteredUser.js": {"path":"C:\\Users\\mrizk\\Projects\\Dicoding\\auth-api\\src\\Domains\\users\\entities\\RegisteredUser.js","statementMap":{"0":{"start":{"line":3,"column":6},"end":{"line":3,"column":35}},"1":{"start":{"line":5,"column":41},"end":{"line":5,"column":48}},"2":{"start":{"line":7,"column":6},"end":{"line":7,"column":19}},"3":{"start":{"line":8,"column":6},"end":{"line":8,"column":31}},"4":{"start":{"line":9,"column":6},"end":{"line":9,"column":31}},"5":{"start":{"line":13,"column":6},"end":{"line":15,"column":7}},"6":{"start":{"line":14,"column":9},"end":{"line":14,"column":72}},"7":{"start":{"line":17,"column":6},"end":{"line":19,"column":7}},"8":{"start":{"line":18,"column":9},"end":{"line":18,"column":77}},"9":{"start":{"line":23,"column":0},"end":{"line":23,"column":32}}},"fnMap":{"0":{"name":"(anonymous_0)","decl":{"start":{"line":2,"column":3},"end":{"line":2,"column":4}},"loc":{"start":{"line":2,"column":24},"end":{"line":10,"column":4}},"line":2},"1":{"name":"(anonymous_1)","decl":{"start":{"line":12,"column":3},"end":{"line":12,"column":4}},"loc":{"start":{"line":12,"column":46},"end":{"line":20,"column":4}},"line":12}},"branchMap":{"0":{"loc":{"start":{"line":13,"column":6},"end":{"line":15,"column":7}},"type":"if","locations":[{"start":{"line":13,"column":6},"end":{"line":15,"column":7}},{"start":{},"end":{}}],"line":13},"1":{"loc":{"start":{"line":13,"column":10},"end":{"line":13,"column":39}},"type":"binary-expr","locations":[{"start":{"line":13,"column":10},"end":{"line":13,"column":13}},{"start":{"line":13,"column":17},"end":{"line":13,"column":26}},{"start":{"line":13,"column":30},"end":{"line":13,"column":39}}],"line":13},"2":{"loc":{"start":{"line":17,"column":6},"end":{"line":19,"column":7}},"type":"if","locations":[{"start":{"line":17,"column":6},"end":{"line":19,"column":7}},{"start":{},"end":{}}],"line":17},"3":{"loc":{"start":{"line":17,"column":10},"end":{"line":17,"column":96}},"type":"binary-expr","locations":[{"start":{"line":17,"column":10},"end":{"line":17,"column":32}},{"start":{"line":17,"column":36},"end":{"line":17,"column":64}},{"start":{"line":17,"column":68},"end":{"line":17,"column":96}}],"line":17}},"s":{"0":9,"1":7,"2":7,"3":7,"4":7,"5":9,"6":1,"7":8,"8":1,"9":4},"f":{"0":9,"1":9},"b":{"0":[1,8],"1":[9,8,8],"2":[1,7],"3":[8,7,7]},"_coverageSchema":"1a1c01bbd47fc00a2c39e90264f33305004495a9","hash":"d4c211d0c4dd3715c428ceab47c81f2a454c8e5a"}
,"C:\\Users\\mrizk\\Projects\\Dicoding\\auth-api\\src\\Infrastructures\\http\\createServer.js": {"path":"C:\\Users\\mrizk\\Projects\\Dicoding\\auth-api\\src\\Infrastructures\\http\\createServer.js","statementMap":{"0":{"start":{"line":1,"column":13},"end":{"line":1,"column":34}},"1":{"start":{"line":2,"column":20},"end":{"line":2,"column":67}},"2":{"start":{"line":3,"column":30},"end":{"line":3,"column":87}},"3":{"start":{"line":4,"column":14},"end":{"line":4,"column":56}},"4":{"start":{"line":6,"column":21},"end":{"line":56,"column":1}},"5":{"start":{"line":7,"column":18},"end":{"line":10,"column":5}},"6":{"start":{"line":12,"column":3},"end":{"line":17,"column":6}},"7":{"start":{"line":19,"column":3},"end":{"line":53,"column":6}},"8":{"start":{"line":21,"column":27},"end":{"line":21,"column":34}},"9":{"start":{"line":23,"column":6},"end":{"line":49,"column":7}},"10":{"start":{"line":25,"column":33},"end":{"line":25,"column":74}},"11":{"start":{"line":28,"column":9},"end":{"line":35,"column":10}},"12":{"start":{"line":29,"column":32},"end":{"line":32,"column":14}},"13":{"start":{"line":33,"column":12},"end":{"line":33,"column":57}},"14":{"start":{"line":34,"column":12},"end":{"line":34,"column":31}},"15":{"start":{"line":38,"column":9},"end":{"line":40,"column":10}},"16":{"start":{"line":39,"column":12},"end":{"line":39,"column":30}},"17":{"start":{"line":43,"column":29},"end":{"line":46,"column":11}},"18":{"start":{"line":47,"column":9},"end":{"line":47,"column":31}},"19":{"start":{"line":48,"column":9},"end":{"line":48,"column":28}},"20":{"start":{"line":52,"column":6},"end":{"line":52,"column":24}},"21":{"start":{"line":55,"column":3},"end":{"line":55,"column":17}},"22":{"start":{"line":58,"column":0},"end":{"line":58,"column":30}}},"fnMap":{"0":{"name":"(anonymous_0)","decl":{"start":{"line":6,"column":21},"end":{"line":6,"column":22}},"loc":{"start":{"line":6,"column":42},"end":{"line":56,"column":1}},"line":6},"1":{"name":"(anonymous_1)","decl":{"start":{"line":19,"column":31},"end":{"line":19,"column":32}},"loc":{"start":{"line":19,"column":47},"end":{"line":53,"column":4}},"line":19}},"branchMap":{"0":{"loc":{"start":{"line":23,"column":6},"end":{"line":49,"column":7}},"type":"if","locations":[{"start":{"line":23,"column":6},"end":{"line":49,"column":7}},{"start":{},"end":{}}],"line":23},"1":{"loc":{"start":{"line":28,"column":9},"end":{"line":35,"column":10}},"type":"if","locations":[{"start":{"line":28,"column":9},"end":{"line":35,"column":10}},{"start":{},"end":{}}],"line":28},"2":{"loc":{"start":{"line":38,"column":9},"end":{"line":40,"column":10}},"type":"if","locations":[{"start":{"line":38,"column":9},"end":{"line":40,"column":10}},{"start":{},"end":{}}],"line":38}},"s":{"0":1,"1":1,"2":1,"3":1,"4":1,"5":8,"6":8,"7":8,"8":8,"9":8,"10":7,"11":7,"12":5,"13":5,"14":5,"15":2,"16":1,"17":1,"18":1,"19":1,"20":1,"21":8,"22":1},"f":{"0":8,"1":8},"b":{"0":[7,1],"1":[5,2],"2":[1,1]},"_coverageSchema":"1a1c01bbd47fc00a2c39e90264f33305004495a9","hash":"de93235308f0ad218986b80908387f2fc1da3da5"}
,"C:\\Users\\mrizk\\Projects\\Dicoding\\auth-api\\src\\Infrastructures\\repository\\UserRepositoryPostgres.js": {"path":"C:\\Users\\mrizk\\Projects\\Dicoding\\auth-api\\src\\Infrastructures\\repository\\UserRepositoryPostgres.js","statementMap":{"0":{"start":{"line":1,"column":23},"end":{"line":1,"column":73}},"1":{"start":{"line":2,"column":23},"end":{"line":2,"column":77}},"2":{"start":{"line":3,"column":23},"end":{"line":3,"column":68}},"3":{"start":{"line":7,"column":6},"end":{"line":7,"column":14}},"4":{"start":{"line":8,"column":6},"end":{"line":8,"column":24}},"5":{"start":{"line":9,"column":6},"end":{"line":9,"column":38}},"6":{"start":{"line":13,"column":20},"end":{"line":16,"column":7}},"7":{"start":{"line":18,"column":21},"end":{"line":18,"column":50}},"8":{"start":{"line":20,"column":6},"end":{"line":22,"column":7}},"9":{"start":{"line":21,"column":9},"end":{"line":21,"column":61}},"10":{"start":{"line":26,"column":47},"end":{"line":26,"column":59}},"11":{"start":{"line":27,"column":17},"end":{"line":27,"column":46}},"12":{"start":{"line":29,"column":20},"end":{"line":32,"column":7}},"13":{"start":{"line":34,"column":21},"end":{"line":34,"column":50}},"14":{"start":{"line":36,"column":6},"end":{"line":36,"column":55}},"15":{"start":{"line":40,"column":0},"end":{"line":40,"column":40}}},"fnMap":{"0":{"name":"(anonymous_0)","decl":{"start":{"line":6,"column":3},"end":{"line":6,"column":4}},"loc":{"start":{"line":6,"column":34},"end":{"line":10,"column":4}},"line":6},"1":{"name":"(anonymous_1)","decl":{"start":{"line":12,"column":3},"end":{"line":12,"column":4}},"loc":{"start":{"line":12,"column":43},"end":{"line":23,"column":4}},"line":12},"2":{"name":"(anonymous_2)","decl":{"start":{"line":25,"column":3},"end":{"line":25,"column":4}},"loc":{"start":{"line":25,"column":31},"end":{"line":37,"column":4}},"line":25}},"branchMap":{"0":{"loc":{"start":{"line":20,"column":6},"end":{"line":22,"column":7}},"type":"if","locations":[{"start":{"line":20,"column":6},"end":{"line":22,"column":7}},{"start":{},"end":{}}],"line":20}},"s":{"0":2,"1":2,"2":2,"3":5,"4":5,"5":5,"6":4,"7":4,"8":4,"9":2,"10":3,"11":3,"12":3,"13":3,"14":3,"15":2},"f":{"0":5,"1":4,"2":3},"b":{"0":[2,2]},"_coverageSchema":"1a1c01bbd47fc00a2c39e90264f33305004495a9","hash":"0bdac8a370a2c53541de21fd52f1102b95362520"}
,"C:\\Users\\mrizk\\Projects\\Dicoding\\auth-api\\src\\Infrastructures\\security\\BcryptPasswordHash.js": {"path":"C:\\Users\\mrizk\\Projects\\Dicoding\\auth-api\\src\\Infrastructures\\security\\BcryptPasswordHash.js","statementMap":{"0":{"start":{"line":1,"column":21},"end":{"line":1,"column":72}},"1":{"start":{"line":5,"column":6},"end":{"line":5,"column":14}},"2":{"start":{"line":6,"column":6},"end":{"line":6,"column":28}},"3":{"start":{"line":7,"column":6},"end":{"line":7,"column":34}},"4":{"start":{"line":11,"column":6},"end":{"line":11,"column":58}},"5":{"start":{"line":15,"column":0},"end":{"line":15,"column":36}}},"fnMap":{"0":{"name":"(anonymous_0)","decl":{"start":{"line":4,"column":3},"end":{"line":4,"column":4}},"loc":{"start":{"line":4,"column":39},"end":{"line":8,"column":4}},"line":4},"1":{"name":"(anonymous_1)","decl":{"start":{"line":10,"column":3},"end":{"line":10,"column":4}},"loc":{"start":{"line":10,"column":24},"end":{"line":12,"column":4}},"line":10}},"branchMap":{"0":{"loc":{"start":{"line":4,"column":23},"end":{"line":4,"column":37}},"type":"default-arg","locations":[{"start":{"line":4,"column":35},"end":{"line":4,"column":37}}],"line":4}},"s":{"0":2,"1":2,"2":2,"3":2,"4":2,"5":2},"f":{"0":2,"1":2},"b":{"0":[2]},"_coverageSchema":"1a1c01bbd47fc00a2c39e90264f33305004495a9","hash":"42a9a0976354f989c05ffadbc672695b52b4ddb5"}
,"C:\\Users\\mrizk\\Projects\\Dicoding\\auth-api\\src\\Interfaces\\http\\api\\users\\handler.js": {"path":"C:\\Users\\mrizk\\Projects\\Dicoding\\auth-api\\src\\Interfaces\\http\\api\\users\\handler.js","statementMap":{"0":{"start":{"line":1,"column":23},"end":{"line":1,"column":82}},"1":{"start":{"line":5,"column":6},"end":{"line":5,"column":34}},"2":{"start":{"line":7,"column":6},"end":{"line":7,"column":61}},"3":{"start":{"line":11,"column":29},"end":{"line":11,"column":77}},"4":{"start":{"line":12,"column":24},"end":{"line":12,"column":69}},"5":{"start":{"line":14,"column":23},"end":{"line":19,"column":8}},"6":{"start":{"line":20,"column":6},"end":{"line":20,"column":25}},"7":{"start":{"line":21,"column":6},"end":{"line":21,"column":22}},"8":{"start":{"line":25,"column":0},"end":{"line":25,"column":30}}},"fnMap":{"0":{"name":"(anonymous_0)","decl":{"start":{"line":4,"column":3},"end":{"line":4,"column":4}},"loc":{"start":{"line":4,"column":26},"end":{"line":8,"column":4}},"line":4},"1":{"name":"(anonymous_1)","decl":{"start":{"line":10,"column":3},"end":{"line":10,"column":4}},"loc":{"start":{"line":10,"column":37},"end":{"line":22,"column":4}},"line":10}},"branchMap":{},"s":{"0":1,"1":8,"2":8,"3":7,"4":6,"5":1,"6":1,"7":1,"8":1},"f":{"0":8,"1":7},"b":{},"_coverageSchema":"1a1c01bbd47fc00a2c39e90264f33305004495a9","hash":"76d982bb6a27053b989a44c9aba180fbe0f9db64"}
,"C:\\Users\\mrizk\\Projects\\Dicoding\\auth-api\\src\\Interfaces\\http\\api\\users\\index.js": {"path":"C:\\Users\\mrizk\\Projects\\Dicoding\\auth-api\\src\\Interfaces\\http\\api\\users\\index.js","statementMap":{"0":{"start":{"line":1,"column":21},"end":{"line":1,"column":41}},"1":{"start":{"line":2,"column":15},"end":{"line":2,"column":34}},"2":{"start":{"line":4,"column":0},"end":{"line":10,"column":2}},"3":{"start":{"line":7,"column":27},"end":{"line":7,"column":54}},"4":{"start":{"line":8,"column":6},"end":{"line":8,"column":41}}},"fnMap":{"0":{"name":"(anonymous_0)","decl":{"start":{"line":6,"column":13},"end":{"line":6,"column":14}},"loc":{"start":{"line":6,"column":46},"end":{"line":9,"column":4}},"line":6}},"branchMap":{},"s":{"0":1,"1":1,"2":1,"3":8,"4":8},"f":{"0":8},"b":{},"_coverageSchema":"1a1c01bbd47fc00a2c39e90264f33305004495a9","hash":"e6cc20c6017dc45246820a3abbc0eee18c2b4c14"}
,"C:\\Users\\mrizk\\Projects\\Dicoding\\auth-api\\src\\Interfaces\\http\\api\\users\\routes.js": {"path":"C:\\Users\\mrizk\\Projects\\Dicoding\\auth-api\\src\\Interfaces\\http\\api\\users\\routes.js","statementMap":{"0":{"start":{"line":1,"column":15},"end":{"line":7,"column":1}},"1":{"start":{"line":1,"column":28},"end":{"line":7,"column":1}},"2":{"start":{"line":9,"column":0},"end":{"line":9,"column":24}}},"fnMap":{"0":{"name":"(anonymous_0)","decl":{"start":{"line":1,"column":15},"end":{"line":1,"column":16}},"loc":{"start":{"line":1,"column":28},"end":{"line":7,"column":1}},"line":1}},"branchMap":{},"s":{"0":1,"1":8,"2":1},"f":{"0":8},"b":{},"_coverageSchema":"1a1c01bbd47fc00a2c39e90264f33305004495a9","hash":"075ae64cb4601a94e57c50f95bb1bc61d2b72f5d"}
}
